android/build/outputs/logs/manifest-merger-debug-report.txt
-- Merging decision tree log ---
manifest
ADDED from Atomic3\android\AndroidManifest.xml:2:1-35:12
	package
		ADDED from Atomic3\android\AndroidManifest.xml:3:5-39
		INJECTED from Atomic3\android\AndroidManifest.xml
		INJECTED from Atomic3\android\AndroidManifest.xml
	android:versionName
		ADDED from Atomic3\android\AndroidManifest.xml:5:5-30
		INJECTED from Atomic3\android\AndroidManifest.xml
		INJECTED from Atomic3\android\AndroidManifest.xml
	android:versionCode
		ADDED from Atomic3\android\AndroidManifest.xml:4:5-28
		INJECTED from Atomic3\android\AndroidManifest.xml
		INJECTED from Atomic3\android\AndroidManifest.xml
	xmlns:android
		ADDED from Atomic3\android\AndroidManifest.xml:2:11-69
uses-sdk
ADDED from Atomic3\android\AndroidManifest.xml:7:5-73
	android:targetSdkVersion
		ADDED from Atomic3\android\AndroidManifest.xml:7:41-70
		INJECTED from Atomic3\android\AndroidManifest.xml
		INJECTED from Atomic3\android\AndroidManifest.xml
	android:minSdkVersion
		ADDED from Atomic3\android\AndroidManifest.xml:7:15-40
		INJECTED from Atomic3\android\AndroidManifest.xml
		INJECTED from Atomic3\android\AndroidManifest.xml
application
ADDED from Atomic3\android\AndroidManifest.xml:9:5-33:19
	android:label
		ADDED from Atomic3\android\AndroidManifest.xml:12:9-41
	android:allowBackup
		ADDED from Atomic3\android\AndroidManifest.xml:10:9-35
	android:icon
		ADDED from Atomic3\android\AndroidManifest.xml:11:9-45
	android:theme
		ADDED from Atomic3\android\AndroidManifest.xml:13:9-43
activity#com.mrmelongames.atomic3.Splash
ADDED from Atomic3\android\AndroidManifest.xml:14:9-24:20
	android:screenOrientation
		ADDED from Atomic3\android\AndroidManifest.xml:17:13-49
	android:label
		ADDED from Atomic3\android\AndroidManifest.xml:16:13-45
	android:configChanges
		ADDED from Atomic3\android\AndroidManifest.xml:19:13-83
	android:theme
		ADDED from Atomic3\android\AndroidManifest.xml:18:13-47
	android:name
		ADDED from Atomic3\android\AndroidManifest.xml:15:13-59
intent-filter#android.intent.action.MAIN+android.intent.category.LAUNCHER
ADDED from Atomic3\android\AndroidManifest.xml:20:13-23:29
action#android.intent.action.MAIN
ADDED from Atomic3\android\AndroidManifest.xml:21:17-69
	android:name
		ADDED from Atomic3\android\AndroidManifest.xml:21:25-66
category#android.intent.category.LAUNCHER
ADDED from Atomic3\android\AndroidManifest.xml:22:17-77
	android:name
		ADDED from Atomic3\android\AndroidManifest.xml:22:27-74
activity#com.mrmelongames.atomic3.AndroidLauncher
ADDED from Atomic3\android\AndroidManifest.xml:26:9-32:20
	android:screenOrientation
		ADDED from Atomic3\android\AndroidManifest.xml:30:13-49
	android:label
		ADDED from Atomic3\android\AndroidManifest.xml:28:13-45
	android:configChanges
		ADDED from Atomic3\android\AndroidManifest.xml:31:13-83
	android:theme
		ADDED from Atomic3\android\AndroidManifest.xml:29:13-44
	android:name
		ADDED from Atomic3\android\AndroidManifest.xml:27:13-68